<?xml version="1.0" encoding="UTF-8"?>
<!-- Generated by org.testng.reporters.JUnitReportReporter -->
<testsuite hostname="Reshma" failures="0" tests="1" name="uk.co.automationtesting.OrderCompleteTest" time="17.224" errors="0" timestamp="2024-11-19T13:07:41 GMT-05:00" skipped="0">
  <testcase classname="uk.co.automationtesting.OrderCompleteTest" name="endToEndTest" time="17.224"/>
</testsuite> <!-- uk.co.automationtesting.OrderCompleteTest -->
