<?xml version="1.0" encoding="UTF-8"?>
<!-- Generated by org.testng.reporters.JUnitReportReporter -->
<testsuite hostname="Reshma" failures="0" tests="1" name="uk.co.automationtesting.OrderCompleteTest" time="29.480" errors="0" timestamp="2024-11-19T15:48:10 GMT-05:00" skipped="0">
  <testcase classname="uk.co.automationtesting.OrderCompleteTest" name="endToEndTest" time="29.480"/>
</testsuite> <!-- uk.co.automationtesting.OrderCompleteTest -->
